<?xml version="1.0" encoding="UTF-8"?>
<!-- Generated by org.testng.reporters.JUnitXMLReporter -->
<testsuite ignored="2" hostname="DESKTOP-HOO85PR" failures="0" tests="3" name="JavaScriptAlerts" time="0.203" errors="0" timestamp="2024-04-11T20:48:02 IST">
  <testcase classname="testsample.Testngsample" name="sample1" time="0.022"/>
  <testcase classname="testsample.Testngsample" name="sample1" time="0.003"/>
  <testcase classname="testsample.Testngsample" name="sample3" time="0.004"/>
  <testcase classname="testsample.Testngsample" name="sample2" time="0.0">
    <ignored/>
  </testcase> <!-- sample2 -->
  <testcase classname="testsample.Testngsample" name="sample" time="0.0">
    <ignored/>
  </testcase> <!-- sample -->
</testsuite> <!-- JavaScriptAlerts -->
